<?xml version="1.0" encoding="UTF-8"?>
<!-- Generated by org.testng.reporters.JUnitXMLReporter -->
<testsuite ignored="0" hostname="Sushi-PC" failures="0" tests="1" name="testradio" time="0.057" errors="0" timestamp="2021-04-26T21:58:17 EDT">
  <testcase classname="testcases.testRadio1" name="@BeforeTest setup" time="0.006">
    <failure type="java.lang.NullPointerException">
      <![CDATA[java.lang.NullPointerException
at java.base/java.io.File.<init>(File.java:279)
at baseFramework.baseClass.initialconfig(baseClass.java:21)
at testcases.testRadio1.setup(testRadio1.java:14)
... Removed 24 stack frames]]>
    </failure>
  </testcase> <!-- @BeforeTest setup -->
  <testcase classname="testcases.testRadio1" name="@AfterTest closeapp" time="-1.619488697009E9">
    <skipped/>
  </testcase> <!-- @AfterTest closeapp -->
  <testcase classname="testcases.testRadio1" name="testradio" time="0.0">
    <skipped/>
  </testcase> <!-- testradio -->
</testsuite> <!-- testradio -->
